<?xml version="1.0" encoding="UTF-8"?>
<!-- Generated by org.testng.reporters.JUnitReportReporter -->
<testsuite hostname="Nikita" failures="0" tests="2" name="ecomautomation.ErrorValidation" time="40.904" errors="0" timestamp="2024-06-29T11:11:23 IST" skipped="0">
  <testcase classname="ecomautomation.ErrorValidation" name="loginErrorValidation" time="11.131"/>
  <testcase classname="ecomautomation.ErrorValidation" name="productErrorValidation" time="29.773"/>
</testsuite> <!-- ecomautomation.ErrorValidation -->
